
============================================================
  CMPR LASSO ANALYSIS — 2001 vs 2011
============================================================

  Religion 2001 CMPR columns added: ['CMPR_buddhist_female_x', 'CMPR_christian_female_x', 'CMPR_hindu_female_x', 'CMPR_jain_female_x', 'CMPR_muslim_female_x', 'CMPR_sikh_female_x', 'CMPR_buddhist_male_x', 'CMPR_christian_male_x', 'CMPR_hindu_male_x', 'CMPR_jain_male_x', 'CMPR_muslim_male_x', 'CMPR_sikh_male_x', 'CMPR_buddhist_female_y', 'CMPR_christian_female_y', 'CMPR_hindu_female_y', 'CMPR_jain_female_y', 'CMPR_muslim_female_y', 'CMPR_sikh_female_y', 'CMPR_buddhist_male_y', 'CMPR_christian_male_y', 'CMPR_hindu_male_y', 'CMPR_jain_male_y', 'CMPR_muslim_male_y', 'CMPR_sikh_male_y']

[1/6] Running SC models...

============================================================
  LASSO — SC dataset | bracket: age_14_17
============================================================

  Target: CMPR_SC_female

    2001: α=1.0723, R²_train=0.697, R²_cv=0.549, n=32, selected=4
    2011: α=1.2045, R²_train=0.411, R²_cv=0.135, n=31, selected=5

    ✓ Persistent drivers (both years):
      Literacy (SC F)                      2001:-4.312  2011:-0.721  ↓ weaker
      Below primary (SC F)                 2001:+2.744  2011:+1.806  ↓ weaker
      Literacy (SC M)                      2001:-0.416  2011:-0.242  ↓ weaker

    + Emerged in 2011 (new drivers):
      Illiteracy (SC F)                    2011:+0.082
      CL dropout (SC M)                    2011:+1.209

    - Dropped out in 2011 (no longer significant):
      CL attending (SC F)                  2001:-3.201

  Target: CMPR_SC_male

    2001: α=0.3765, R²_train=0.630, R²_cv=0.487, n=32, selected=4
    2011: α=0.0231, R²_train=0.693, R²_cv=0.166, n=31, selected=11

    ✓ Persistent drivers (both years):
      Illiteracy (SC F)                    2001:+0.000  2011:+0.047  ↑ stronger
      Literacy (SC F)                      2001:-2.350  2011:-0.850  ↓ weaker
      Below primary (SC F)                 2001:+0.349  2011:+0.779  ↑ stronger
      CL attending (SC F)                  2001:-0.103  2011:+0.308  ↑ stronger

    + Emerged in 2011 (new drivers):
      Literacy (SC M)                      2011:+0.051
      CL dropout (SC M)                    2011:+1.383
      Attendance (SC M)                    2011:+0.000
      Below primary (SC M)                 2011:-0.131
      Illiteracy (SC M)                    2011:-0.044
      Dropout (SC M)                       2011:-1.807
      Non-worker dropout (F)               2011:+0.555
  → Saved: regression_outputs/lasso/lasso_SC_female_comparison.png
  → Saved: regression_outputs/lasso/lasso_SC_female_changes.png
  → Saved: regression_outputs/lasso/lasso_path_SC_2011.png

[2/6] Running ST models...

============================================================
  LASSO — ST dataset | bracket: age_14_17
============================================================

  Target: CMPR_ST_female

    2001: α=0.2984, R²_train=0.815, R²_cv=0.711, n=30, selected=6
    2011: α=0.3352, R²_train=0.718, R²_cv=0.556, n=30, selected=6

    ✓ Persistent drivers (both years):
      Below primary (ST F)                 2001:+1.722  2011:+1.660  ↓ weaker

    + Emerged in 2011 (new drivers):
      CL attending (ST M)                  2011:-0.920
      Dropout (ST F)                       2011:+3.094
      Non-worker dropout (F)               2011:+0.401
      Attendance (ST F)                    2011:-0.314
      CL dropout (ST M)                    2011:+0.384

    - Dropped out in 2011 (no longer significant):
      Attendance (ST M)                    2001:+0.000
      Dropout (ST M)                       2001:-1.806
      Literacy (ST F)                      2001:-2.446
      CL attending (ST F)                  2001:-6.553
      Illiteracy (ST F)                    2001:+0.000

  Target: CMPR_ST_male

    2001: α=0.1177, R²_train=0.699, R²_cv=0.457, n=30, selected=13
    2011: α=0.1485, R²_train=0.567, R²_cv=0.381, n=30, selected=4

    ✓ Persistent drivers (both years):
      Dropout (ST F)                       2001:+0.920  2011:+0.446  ↓ weaker
      Below primary (ST F)                 2001:+0.876  2011:+0.436  ↓ weaker
      CL dropout (ST F)                    2001:+0.277  2011:+0.248  ↓ weaker
      Literacy (ST F)                      2001:-1.394  2011:-0.555  ↓ weaker

    - Dropped out in 2011 (no longer significant):
      CL attending (ST M)                  2001:+0.344
      Attendance (ST M)                    2001:+0.344
      Dropout (ST M)                       2001:-0.530
      Attendance (ST F)                    2001:-0.427
      CL dropout (ST M)                    2001:-0.224
      CL attending (ST F)                  2001:-0.358
      Illiteracy (ST M)                    2001:-0.197
      Illiteracy (ST F)                    2001:+0.218
      Literacy (ST M)                      2001:+0.242
  → Saved: regression_outputs/lasso/lasso_ST_female_comparison.png
  → Saved: regression_outputs/lasso/lasso_ST_female_changes.png

[3/6] Running Hindu models...

============================================================
  LASSO — Hindu dataset | bracket: age_14_17
============================================================

  Target: CMPR_hindu_female
